<?xml version="1.0" encoding="UTF-8"?>
<testng-results ignored="0" total="1" passed="1" failed="0" skipped="0">
  <reporter-output>
  </reporter-output>
  <suite started-at="2019-09-27T15:08:53 IST" name="Default suite" finished-at="2019-09-27T15:08:56 IST" duration-ms="3550">
    <groups>
    </groups>
    <test started-at="2019-09-27T15:08:53 IST" name="Default test" finished-at="2019-09-27T15:08:56 IST" duration-ms="3550">
      <class name="Android.testcases.Login.LoginTest">
        <test-method signature="login()[pri:0, instance:Android.testcases.Login.LoginTest@41294f8]" started-at="2019-09-27T15:08:53 IST" name="login" finished-at="2019-09-27T15:08:56 IST" duration-ms="3509" status="PASS">
          <reporter-output>
          </reporter-output>
        </test-method> <!-- login -->
      </class> <!-- Android.testcases.Login.LoginTest -->
    </test> <!-- Default test -->
  </suite> <!-- Default suite -->
</testng-results>
