<?xml version="1.0" encoding="UTF-8"?>
<testng-results ignored="0" total="1" passed="1" failed="0" skipped="0">
  <reporter-output>
  </reporter-output>
  <suite started-at="2019-10-01T16:35:13 IST" name="Default suite" finished-at="2019-10-01T16:35:21 IST" duration-ms="8192">
    <groups>
    </groups>
    <test started-at="2019-10-01T16:35:13 IST" name="Default test" finished-at="2019-10-01T16:35:21 IST" duration-ms="8192">
      <class name="Android.testcases.Lead.UpdateLead">
        <test-method signature="updateLead()[pri:0, instance:Android.testcases.Lead.UpdateLead@23282c25]" started-at="2019-10-01T16:35:13 IST" name="updateLead" finished-at="2019-10-01T16:35:21 IST" duration-ms="8147" status="PASS">
          <reporter-output>
          </reporter-output>
        </test-method> <!-- updateLead -->
      </class> <!-- Android.testcases.Lead.UpdateLead -->
    </test> <!-- Default test -->
  </suite> <!-- Default suite -->
</testng-results>
