<?xml version="1.0" encoding="UTF-8"?>
<!-- Generated by org.testng.reporters.JUnitXMLReporter -->
<testsuite ignored="0" hostname="ankurloktra-Inspiron-15-3567" failures="1" tests="6" name="Test" time="78.742" errors="0" timestamp="2019-10-15T13:33:59 IST">
  <testcase classname="Android.testcases.Login.LoginTest" name="login" time="6.315"/>
  <testcase classname="Android.testcases.Lead.AddSelfLead" name="addSelfLead" time="16.804"/>
  <testcase classname="Android.testcases.Lead.AddReferLead" name="AddreferLead" time="31.86"/>
  <testcase classname="Android.testcases.Lead.getSelfLeads" name="getLeads" time="0.961"/>
  <testcase classname="Android.testcases.Lead.getReferLeads" name="getLeads" time="1.012"/>
  <testcase classname="Android.testcases.Lead.UpdateLead" name="updateLead" time="21.684">
    <failure type="java.lang.AssertionError" message="expected:&amp;lt;500&amp;gt; but was:&amp;lt;200&amp;gt;">
      <![CDATA[java.lang.AssertionError: expected:<500> but was:<200>
at Android.testcases.Lead.UpdateLead.updateLead(UpdateLead.java:119)
at java.base/java.util.ArrayList.forEach(ArrayList.java:1507)
... Removed 32 stack frames]]>
    </failure>
  </testcase> <!-- updateLead -->
</testsuite> <!-- Test -->
